<?xml version="1.0" encoding="UTF-8"?>
<!-- Generated by org.testng.reporters.JUnitReportReporter -->
<testsuite hostname="LAPTOP-TINQNFE1" failures="2" tests="110" name="testRunner.TestNGTestRunner" time="114.589" errors="0" timestamp="2023-05-15T08:26:52 EDT" skipped="0">
  <testcase classname="testRunner.TestNGTestRunner" name="runScenario" time="1.694"/>
  <system-out/>
  <testcase classname="testRunner.TestNGTestRunner" name="runScenario" time="0.873"/>
  <system-out/>
  <testcase classname="testRunner.TestNGTestRunner" name="runScenario" time="0.450"/>
  <system-out/>
  <testcase classname="testRunner.TestNGTestRunner" name="runScenario" time="0.674"/>
  <system-out/>
  <testcase classname="testRunner.TestNGTestRunner" name="runScenario" time="0.639"/>
  <system-out/>
  <testcase classname="testRunner.TestNGTestRunner" name="runScenario" time="0.703"/>
  <system-out/>
  <testcase classname="testRunner.TestNGTestRunner" name="runScenario" time="1.653"/>
  <system-out/>
  <testcase classname="testRunner.TestNGTestRunner" name="runScenario" time="0.746"/>
  <system-out/>
  <testcase classname="testRunner.TestNGTestRunner" name="runScenario" time="0.884"/>
  <system-out/>
  <testcase classname="testRunner.TestNGTestRunner" name="runScenario" time="0.642"/>
  <system-out/>
  <testcase classname="testRunner.TestNGTestRunner" name="runScenario" time="1.145"/>
  <system-out/>
  <testcase classname="testRunner.TestNGTestRunner" name="runScenario" time="2.226"/>
  <system-out/>
  <testcase classname="testRunner.TestNGTestRunner" name="runScenario" time="0.887"/>
  <system-out/>
  <testcase classname="testRunner.TestNGTestRunner" name="runScenario" time="0.784"/>
  <system-out/>
  <testcase classname="testRunner.TestNGTestRunner" name="runScenario" time="0.695"/>
  <system-out/>
  <testcase classname="testRunner.TestNGTestRunner" name="runScenario" time="0.677"/>
  <system-out/>
  <testcase classname="testRunner.TestNGTestRunner" name="runScenario" time="0.918"/>
  <system-out/>
  <testcase classname="testRunner.TestNGTestRunner" name="runScenario" time="0.842">
    <failure message="expected:&lt;[password_mismatch:The two password fields didn’t match.]&gt; but was:&lt;[New Account Created. You are logged in as &lt;username&gt;]&gt;" type="org.junit.ComparisonFailure">
      <![CDATA[org.junit.ComparisonFailure: expected:<[password_mismatch:The two password fields didn’t match.]> but was:<[New Account Created. You are logged in as <username>]>
at org.junit.Assert.assertEquals(Assert.java:117)
at org.junit.Assert.assertEquals(Assert.java:146)
at stepdefinitions.RegitrationSteps.user_click_register_button_with_expected_message(RegitrationSteps.java:81)
at ✽.user click register button with expected message(file:///C:/Users/kiran/eclipse-workspace/ZoomDs_algo/src/test/resources/features/3RegisterPage.feature:8)
]]>
    </failure>
  </testcase> <!-- runScenario -->
  <system-out/>
  <testcase classname="testRunner.TestNGTestRunner" name="runScenario" time="1.432"/>
  <system-out/>
  <testcase classname="testRunner.TestNGTestRunner" name="runScenario" time="0.911">
    <failure message="expected:&lt;[password_mismatch:The two password fields didn’t match.]&gt; but was:&lt;[New Account Created. You are logged in as &lt;username&gt;]&gt;" type="org.junit.ComparisonFailure">
      <![CDATA[org.junit.ComparisonFailure: expected:<[password_mismatch:The two password fields didn’t match.]> but was:<[New Account Created. You are logged in as <username>]>
at org.junit.Assert.assertEquals(Assert.java:117)
at org.junit.Assert.assertEquals(Assert.java:146)
at stepdefinitions.RegitrationSteps.user_click_register_button_with_expected_message(RegitrationSteps.java:81)
at ✽.user click register button with expected message(file:///C:/Users/kiran/eclipse-workspace/ZoomDs_algo/src/test/resources/features/3RegisterPage.feature:8)
]]>
    </failure>
  </testcase> <!-- runScenario -->
  <system-out/>
  <testcase classname="testRunner.TestNGTestRunner" name="runScenario" time="2.813"/>
  <system-out/>
  <testcase classname="testRunner.TestNGTestRunner" name="runScenario" time="1.659"/>
  <system-out/>
  <testcase classname="testRunner.TestNGTestRunner" name="runScenario" time="0.765"/>
  <system-out/>
  <testcase classname="testRunner.TestNGTestRunner" name="runScenario" time="0.693"/>
  <system-out/>
  <testcase classname="testRunner.TestNGTestRunner" name="runScenario" time="0.852"/>
  <system-out/>
  <testcase classname="testRunner.TestNGTestRunner" name="runScenario" time="0.284"/>
  <system-out/>
  <testcase classname="testRunner.TestNGTestRunner" name="runScenario" time="0.702"/>
  <system-out/>
  <testcase classname="testRunner.TestNGTestRunner" name="runScenario" time="0.689"/>
  <system-out/>
  <testcase classname="testRunner.TestNGTestRunner" name="runScenario" time="0.797"/>
  <system-out/>
  <testcase classname="testRunner.TestNGTestRunner" name="runScenario" time="0.396"/>
  <system-out/>
  <testcase classname="testRunner.TestNGTestRunner" name="runScenario" time="1.827"/>
  <system-out/>
  <testcase classname="testRunner.TestNGTestRunner" name="runScenario" time="1.019"/>
  <system-out/>
  <testcase classname="testRunner.TestNGTestRunner" name="runScenario" time="0.684"/>
  <system-out/>
  <testcase classname="testRunner.TestNGTestRunner" name="runScenario" time="0.905"/>
  <system-out/>
  <testcase classname="testRunner.TestNGTestRunner" name="runScenario" time="0.770"/>
  <system-out/>
  <testcase classname="testRunner.TestNGTestRunner" name="runScenario" time="0.771"/>
  <system-out/>
  <testcase classname="testRunner.TestNGTestRunner" name="runScenario" time="6.635"/>
  <system-out/>
  <testcase classname="testRunner.TestNGTestRunner" name="runScenario" time="1.023"/>
  <system-out/>
  <testcase classname="testRunner.TestNGTestRunner" name="runScenario" time="1.692"/>
  <system-out/>
  <testcase classname="testRunner.TestNGTestRunner" name="runScenario" time="0.715"/>
  <system-out/>
  <testcase classname="testRunner.TestNGTestRunner" name="runScenario" time="0.907"/>
  <system-out/>
  <testcase classname="testRunner.TestNGTestRunner" name="runScenario" time="0.897"/>
  <system-out/>
  <testcase classname="testRunner.TestNGTestRunner" name="runScenario" time="0.948"/>
  <system-out/>
  <testcase classname="testRunner.TestNGTestRunner" name="runScenario" time="2.745"/>
  <system-out/>
  <testcase classname="testRunner.TestNGTestRunner" name="runScenario" time="0.962"/>
  <system-out/>
  <testcase classname="testRunner.TestNGTestRunner" name="runScenario" time="0.666"/>
  <system-out/>
  <testcase classname="testRunner.TestNGTestRunner" name="runScenario" time="1.676"/>
  <system-out/>
  <testcase classname="testRunner.TestNGTestRunner" name="runScenario" time="0.569"/>
  <system-out/>
  <testcase classname="testRunner.TestNGTestRunner" name="runScenario" time="0.455"/>
  <system-out/>
  <testcase classname="testRunner.TestNGTestRunner" name="runScenario" time="0.646"/>
  <system-out/>
  <testcase classname="testRunner.TestNGTestRunner" name="runScenario" time="1.019"/>
  <system-out/>
  <testcase classname="testRunner.TestNGTestRunner" name="runScenario" time="1.231"/>
  <system-out/>
  <testcase classname="testRunner.TestNGTestRunner" name="runScenario" time="0.895"/>
  <system-out/>
  <testcase classname="testRunner.TestNGTestRunner" name="runScenario" time="0.293"/>
  <system-out/>
  <testcase classname="testRunner.TestNGTestRunner" name="runScenario" time="0.827"/>
  <system-out/>
  <testcase classname="testRunner.TestNGTestRunner" name="runScenario" time="0.432"/>
  <system-out/>
  <testcase classname="testRunner.TestNGTestRunner" name="runScenario" time="1.006"/>
  <system-out/>
  <testcase classname="testRunner.TestNGTestRunner" name="runScenario" time="0.639"/>
  <system-out/>
  <testcase classname="testRunner.TestNGTestRunner" name="runScenario" time="2.073"/>
  <system-out/>
  <testcase classname="testRunner.TestNGTestRunner" name="runScenario" time="0.675"/>
  <system-out/>
  <testcase classname="testRunner.TestNGTestRunner" name="runScenario" time="1.425"/>
  <system-out/>
  <testcase classname="testRunner.TestNGTestRunner" name="runScenario" time="2.624"/>
  <system-out/>
  <testcase classname="testRunner.TestNGTestRunner" name="runScenario" time="0.872"/>
  <system-out/>
  <testcase classname="testRunner.TestNGTestRunner" name="runScenario" time="0.511"/>
  <system-out/>
  <testcase classname="testRunner.TestNGTestRunner" name="runScenario" time="1.007"/>
  <system-out/>
  <testcase classname="testRunner.TestNGTestRunner" name="runScenario" time="2.424"/>
  <system-out/>
  <testcase classname="testRunner.TestNGTestRunner" name="runScenario" time="0.628"/>
  <system-out/>
  <testcase classname="testRunner.TestNGTestRunner" name="runScenario" time="0.862"/>
  <system-out/>
  <testcase classname="testRunner.TestNGTestRunner" name="runScenario" time="0.604"/>
  <system-out/>
  <testcase classname="testRunner.TestNGTestRunner" name="runScenario" time="0.591"/>
  <system-out/>
  <testcase classname="testRunner.TestNGTestRunner" name="runScenario" time="1.846"/>
  <system-out/>
  <testcase classname="testRunner.TestNGTestRunner" name="runScenario" time="0.629"/>
  <system-out/>
  <testcase classname="testRunner.TestNGTestRunner" name="runScenario" time="2.028"/>
  <system-out/>
  <testcase classname="testRunner.TestNGTestRunner" name="runScenario" time="0.732"/>
  <system-out/>
  <testcase classname="testRunner.TestNGTestRunner" name="runScenario" time="1.160"/>
  <system-out/>
  <testcase classname="testRunner.TestNGTestRunner" name="runScenario" time="0.755"/>
  <system-out/>
  <testcase classname="testRunner.TestNGTestRunner" name="runScenario" time="0.918"/>
  <system-out/>
  <testcase classname="testRunner.TestNGTestRunner" name="runScenario" time="0.565"/>
  <system-out/>
  <testcase classname="testRunner.TestNGTestRunner" name="runScenario" time="0.533"/>
  <system-out/>
  <testcase classname="testRunner.TestNGTestRunner" name="runScenario" time="2.194"/>
  <system-out/>
  <testcase classname="testRunner.TestNGTestRunner" name="runScenario" time="0.716"/>
  <system-out/>
  <testcase classname="testRunner.TestNGTestRunner" name="runScenario" time="1.585"/>
  <system-out/>
  <testcase classname="testRunner.TestNGTestRunner" name="runScenario" time="0.971"/>
  <system-out/>
  <testcase classname="testRunner.TestNGTestRunner" name="runScenario" time="1.070"/>
  <system-out/>
  <testcase classname="testRunner.TestNGTestRunner" name="runScenario" time="0.698"/>
  <system-out/>
  <testcase classname="testRunner.TestNGTestRunner" name="runScenario" time="0.611"/>
  <system-out/>
  <testcase classname="testRunner.TestNGTestRunner" name="runScenario" time="0.643"/>
  <system-out/>
  <testcase classname="testRunner.TestNGTestRunner" name="runScenario" time="1.586"/>
  <system-out/>
  <testcase classname="testRunner.TestNGTestRunner" name="runScenario" time="0.587"/>
  <system-out/>
  <testcase classname="testRunner.TestNGTestRunner" name="runScenario" time="0.987"/>
  <system-out/>
  <testcase classname="testRunner.TestNGTestRunner" name="runScenario" time="0.771"/>
  <system-out/>
  <testcase classname="testRunner.TestNGTestRunner" name="runScenario" time="0.711"/>
  <system-out/>
  <testcase classname="testRunner.TestNGTestRunner" name="runScenario" time="0.457"/>
  <system-out/>
  <testcase classname="testRunner.TestNGTestRunner" name="runScenario" time="0.864"/>
  <system-out/>
  <testcase classname="testRunner.TestNGTestRunner" name="runScenario" time="0.697"/>
  <system-out/>
  <testcase classname="testRunner.TestNGTestRunner" name="runScenario" time="0.938"/>
  <system-out/>
  <testcase classname="testRunner.TestNGTestRunner" name="runScenario" time="1.222"/>
  <system-out/>
  <testcase classname="testRunner.TestNGTestRunner" name="runScenario" time="1.691"/>
  <system-out/>
  <testcase classname="testRunner.TestNGTestRunner" name="runScenario" time="0.767"/>
  <system-out/>
  <testcase classname="testRunner.TestNGTestRunner" name="runScenario" time="0.676"/>
  <system-out/>
  <testcase classname="testRunner.TestNGTestRunner" name="runScenario" time="0.866"/>
  <system-out/>
  <testcase classname="testRunner.TestNGTestRunner" name="runScenario" time="0.473"/>
  <system-out/>
  <testcase classname="testRunner.TestNGTestRunner" name="runScenario" time="0.793"/>
  <system-out/>
  <testcase classname="testRunner.TestNGTestRunner" name="runScenario" time="0.421"/>
  <system-out/>
  <testcase classname="testRunner.TestNGTestRunner" name="runScenario" time="0.677"/>
  <system-out/>
  <testcase classname="testRunner.TestNGTestRunner" name="runScenario" time="2.326"/>
  <system-out/>
  <testcase classname="testRunner.TestNGTestRunner" name="runScenario" time="1.207"/>
  <system-out/>
  <testcase classname="testRunner.TestNGTestRunner" name="runScenario" time="0.695"/>
  <system-out/>
  <testcase classname="testRunner.TestNGTestRunner" name="runScenario" time="0.669"/>
  <system-out/>
  <testcase classname="testRunner.TestNGTestRunner" name="runScenario" time="0.579"/>
  <system-out/>
</testsuite> <!-- testRunner.TestNGTestRunner -->
