<?xml version="1.0" encoding="UTF-8"?>
<!-- Generated by org.testng.reporters.JUnitReportReporter -->
<testsuite hostname="LAPTOP-TINQNFE1" failures="0" tests="16" name="testRunner.TestNGTestRunner" time="22.322" errors="0" timestamp="2023-05-12T10:17:01 EDT" skipped="0">
  <testcase classname="testRunner.TestNGTestRunner" name="runScenario" time="0.531"/>
  <system-out/>
  <testcase classname="testRunner.TestNGTestRunner" name="runScenario" time="1.467"/>
  <system-out/>
  <testcase classname="testRunner.TestNGTestRunner" name="runScenario" time="0.599"/>
  <system-out/>
  <testcase classname="testRunner.TestNGTestRunner" name="runScenario" time="0.638"/>
  <system-out/>
  <testcase classname="testRunner.TestNGTestRunner" name="runScenario" time="0.858"/>
  <system-out/>
  <testcase classname="testRunner.TestNGTestRunner" name="runScenario" time="1.078"/>
  <system-out/>
  <testcase classname="testRunner.TestNGTestRunner" name="runScenario" time="7.269"/>
  <system-out/>
  <testcase classname="testRunner.TestNGTestRunner" name="runScenario" time="0.442"/>
  <system-out/>
  <testcase classname="testRunner.TestNGTestRunner" name="runScenario" time="0.814"/>
  <system-out/>
  <testcase classname="testRunner.TestNGTestRunner" name="runScenario" time="0.256"/>
  <system-out/>
  <testcase classname="testRunner.TestNGTestRunner" name="runScenario" time="0.577"/>
  <system-out/>
  <testcase classname="testRunner.TestNGTestRunner" name="runScenario" time="4.217"/>
  <system-out/>
  <testcase classname="testRunner.TestNGTestRunner" name="runScenario" time="1.054"/>
  <system-out/>
  <testcase classname="testRunner.TestNGTestRunner" name="runScenario" time="1.616"/>
  <system-out/>
  <testcase classname="testRunner.TestNGTestRunner" name="runScenario" time="0.269"/>
  <system-out/>
  <testcase classname="testRunner.TestNGTestRunner" name="runScenario" time="0.637"/>
  <system-out/>
</testsuite> <!-- testRunner.TestNGTestRunner -->
