<?xml version="1.0" encoding="UTF-8"?>
<!-- Generated by org.testng.reporters.JUnitReportReporter -->
<testsuite hostname="LAPTOP-TINQNFE1" failures="0" tests="16" name="testRunner.TestNGTestRunner" time="22.019" errors="0" timestamp="2023-05-11T13:00:08 EDT" skipped="0">
  <testcase classname="testRunner.TestNGTestRunner" name="runScenario" time="0.328"/>
  <system-out/>
  <testcase classname="testRunner.TestNGTestRunner" name="runScenario" time="0.573"/>
  <system-out/>
  <testcase classname="testRunner.TestNGTestRunner" name="runScenario" time="3.027"/>
  <system-out/>
  <testcase classname="testRunner.TestNGTestRunner" name="runScenario" time="0.562"/>
  <system-out/>
  <testcase classname="testRunner.TestNGTestRunner" name="runScenario" time="0.265"/>
  <system-out/>
  <testcase classname="testRunner.TestNGTestRunner" name="runScenario" time="0.761"/>
  <system-out/>
  <testcase classname="testRunner.TestNGTestRunner" name="runScenario" time="0.441"/>
  <system-out/>
  <testcase classname="testRunner.TestNGTestRunner" name="runScenario" time="0.972"/>
  <system-out/>
  <testcase classname="testRunner.TestNGTestRunner" name="runScenario" time="1.214"/>
  <system-out/>
  <testcase classname="testRunner.TestNGTestRunner" name="runScenario" time="0.671"/>
  <system-out/>
  <testcase classname="testRunner.TestNGTestRunner" name="runScenario" time="1.527"/>
  <system-out/>
  <testcase classname="testRunner.TestNGTestRunner" name="runScenario" time="0.292"/>
  <system-out/>
  <testcase classname="testRunner.TestNGTestRunner" name="runScenario" time="6.883"/>
  <system-out/>
  <testcase classname="testRunner.TestNGTestRunner" name="runScenario" time="2.397"/>
  <system-out/>
  <testcase classname="testRunner.TestNGTestRunner" name="runScenario" time="0.474"/>
  <system-out/>
  <testcase classname="testRunner.TestNGTestRunner" name="runScenario" time="1.632"/>
  <system-out/>
</testsuite> <!-- testRunner.TestNGTestRunner -->
