<?xml version="1.0" encoding="UTF-8"?>
<!-- Generated by org.testng.reporters.JUnitReportReporter -->
<testsuite hostname="LAPTOP-TINQNFE1" failures="0" tests="6" name="testRunner.TestNGTestRunner" time="7.301" errors="0" timestamp="2023-05-12T22:09:31 EDT" skipped="0">
  <testcase classname="testRunner.TestNGTestRunner" name="runScenario" time="0.591"/>
  <system-out/>
  <testcase classname="testRunner.TestNGTestRunner" name="runScenario" time="4.998"/>
  <system-out/>
  <testcase classname="testRunner.TestNGTestRunner" name="runScenario" time="0.433"/>
  <system-out/>
  <testcase classname="testRunner.TestNGTestRunner" name="runScenario" time="0.370"/>
  <system-out/>
  <testcase classname="testRunner.TestNGTestRunner" name="runScenario" time="0.428"/>
  <system-out/>
  <testcase classname="testRunner.TestNGTestRunner" name="runScenario" time="0.481"/>
  <system-out/>
</testsuite> <!-- testRunner.TestNGTestRunner -->
